{"/Users/flutter/Desktop/Mode/ModeDev/src/app/page.tsx": {"path":"/Users/flutter/Desktop/Mode/ModeDev/src/app/page.tsx","statementMap":{"0":{"start":{"line":4,"column":2},"end":{"line":112,"column":4}}},"fnMap":{"0":{"name":"Home","decl":{"start":{"line":3,"column":24},"end":{"line":3,"column":28}},"loc":{"start":{"line":3,"column":31},"end":{"line":113,"column":1}},"line":3}},"branchMap":{},"s":{"0":2},"f":{"0":2},"b":{},"_coverageSchema":"1a1c01bbd47fc00a2c39e90264f33305004495a9","hash":"32f9aca716afda2fde198480d90af7f588a399b6"}
}
